<?xml version="1.0" encoding="UTF-8"?>
<!-- Generated by org.testng.reporters.JUnitReportReporter -->
<testsuite hostname="DESKTOP-ENUG4EO" failures="0" tests="1" name="ilab.tests.HybridTest" time="13.738" errors="0" timestamp="2021-07-30T12:43:29 SAST" skipped="0">
  <testcase classname="ilab.tests.HybridTest" name="ILABTestSuite" time="13.738"/>
  <system-out/>
</testsuite> <!-- ilab.tests.HybridTest -->
